[debug] [2023-04-13T14:16:56.313Z] ----------------------------------------------------------------------
[debug] [2023-04-13T14:16:56.338Z] Command:       C:\Program Files\nodejs\node.exe C:\Users\USER\AppData\Roaming\npm\node_modules\firebase-tools\lib\bin\firebase.js deploy
[debug] [2023-04-13T14:16:56.339Z] CLI Version:   11.24.0
[debug] [2023-04-13T14:16:56.339Z] Platform:      win32
[debug] [2023-04-13T14:16:56.340Z] Node Version:  v18.14.2
[debug] [2023-04-13T14:16:56.460Z] Time:          Thu Apr 13 2023 15:16:56 GMT+0100 (West Africa Standard Time)
[debug] [2023-04-13T14:16:56.461Z] ----------------------------------------------------------------------
[debug] 
[debug] [2023-04-13T14:16:56.652Z] > command requires scopes: ["email","openid","https://www.googleapis.com/auth/cloudplatformprojects.readonly","https://www.googleapis.com/auth/firebase","https://www.googleapis.com/auth/cloud-platform"]
[debug] [2023-04-13T14:16:56.653Z] > authorizing via signed-in user (adegbitejoshua07@gmail.com)
[debug] [2023-04-13T14:16:56.653Z] [iam] checking project proade-d0cf9 for permissions ["firebase.projects.get","firebasehosting.sites.update"]
[debug] [2023-04-13T14:16:56.682Z] >>> [apiv2][query] POST https://cloudresourcemanager.googleapis.com/v1/projects/proade-d0cf9:testIamPermissions [none]
[debug] [2023-04-13T14:16:56.683Z] >>> [apiv2][(partial)header] POST https://cloudresourcemanager.googleapis.com/v1/projects/proade-d0cf9:testIamPermissions x-goog-quota-user=projects/proade-d0cf9
[debug] [2023-04-13T14:16:56.683Z] >>> [apiv2][body] POST https://cloudresourcemanager.googleapis.com/v1/projects/proade-d0cf9:testIamPermissions {"permissions":["firebase.projects.get","firebasehosting.sites.update"]}
[debug] [2023-04-13T14:17:17.881Z] [iam] error while checking permissions, command may fail: FirebaseError: Failed to make request to https://cloudresourcemanager.googleapis.com/v1/projects/proade-d0cf9:testIamPermissions
[debug] [2023-04-13T14:17:17.888Z] >>> [apiv2][query] GET https://firebase.googleapis.com/v1beta1/projects/proade-d0cf9 [none]
[debug] [2023-04-13T14:17:38.897Z] Failed to make request to https://firebase.googleapis.com/v1beta1/projects/proade-d0cf9
[debug] [2023-04-13T14:17:43.950Z] Error: Timed out.
    at Timeout._onTimeout (C:\Users\USER\AppData\Roaming\npm\node_modules\firebase-tools\lib\utils.js:253:49)
    at listOnTimeout (node:internal/timers:569:17)
    at process.processTimers (node:internal/timers:512:7)
[error] 
[error] Error: An unexpected error has occurred.
[debug] [2023-04-13T14:18:30.987Z] ----------------------------------------------------------------------
[debug] [2023-04-13T14:18:30.991Z] Command:       C:\Program Files\nodejs\node.exe C:\Users\USER\AppData\Roaming\npm\node_modules\firebase-tools\lib\bin\firebase.js deploy
[debug] [2023-04-13T14:18:30.993Z] CLI Version:   11.24.0
[debug] [2023-04-13T14:18:30.994Z] Platform:      win32
[debug] [2023-04-13T14:18:30.995Z] Node Version:  v18.14.2
[debug] [2023-04-13T14:18:30.996Z] Time:          Thu Apr 13 2023 15:18:30 GMT+0100 (West Africa Standard Time)
[debug] [2023-04-13T14:18:30.997Z] ----------------------------------------------------------------------
[debug] 
[debug] [2023-04-13T14:18:31.124Z] > command requires scopes: ["email","openid","https://www.googleapis.com/auth/cloudplatformprojects.readonly","https://www.googleapis.com/auth/firebase","https://www.googleapis.com/auth/cloud-platform"]
[debug] [2023-04-13T14:18:31.125Z] > authorizing via signed-in user (adegbitejoshua07@gmail.com)
[debug] [2023-04-13T14:18:31.125Z] [iam] checking project proade-d0cf9 for permissions ["firebase.projects.get","firebasehosting.sites.update"]
[debug] [2023-04-13T14:18:31.128Z] >>> [apiv2][query] POST https://cloudresourcemanager.googleapis.com/v1/projects/proade-d0cf9:testIamPermissions [none]
[debug] [2023-04-13T14:18:31.128Z] >>> [apiv2][(partial)header] POST https://cloudresourcemanager.googleapis.com/v1/projects/proade-d0cf9:testIamPermissions x-goog-quota-user=projects/proade-d0cf9
[debug] [2023-04-13T14:18:31.128Z] >>> [apiv2][body] POST https://cloudresourcemanager.googleapis.com/v1/projects/proade-d0cf9:testIamPermissions {"permissions":["firebase.projects.get","firebasehosting.sites.update"]}
[debug] [2023-04-13T14:18:49.979Z] [iam] error while checking permissions, command may fail: FirebaseError: Failed to make request to https://cloudresourcemanager.googleapis.com/v1/projects/proade-d0cf9:testIamPermissions
[debug] [2023-04-13T14:18:49.986Z] >>> [apiv2][query] GET https://firebase.googleapis.com/v1beta1/projects/proade-d0cf9 [none]
[debug] [2023-04-13T14:19:08.982Z] Failed to make request to https://firebase.googleapis.com/v1beta1/projects/proade-d0cf9
[debug] [2023-04-13T14:19:14.007Z] Error: Timed out.
    at Timeout._onTimeout (C:\Users\USER\AppData\Roaming\npm\node_modules\firebase-tools\lib\utils.js:253:49)
    at listOnTimeout (node:internal/timers:569:17)
    at process.processTimers (node:internal/timers:512:7)
[error] 
[error] Error: An unexpected error has occurred.
